%!Adobe-FontList 1.14
%Locale:0x426

%BeginFont
Handler:DirectoryHandler
FontType:Type1
FontName:MinionPro-Regular
FamilyName:Minion Pro
StyleName:Regular
FullName:Minion Pro
MenuName:Minion Pro
StyleBits:0
WritingScript:Roman
OutlineFileName:C:\Users\Juris\Desktop\SIA Airginity 11.11.2017\majas lapas\LV_majas lapa_gangasvara108_V2 Folder\Document fonts\MinionPro-Regular.otf
DataFormat:sfntData
UsesStandardEncoding:yes
isCFF:yes
FileLength:217280
FileModTime:1329299626
WeightClass:400
WidthClass:5
AngleClass:0
DesignSize:110
%EndFont

%BeginFont
Handler:DirectoryHandler
FontType:TrueType
FontName:Verdana
FamilyName:Verdana
StyleName:Regular
FullName:Verdana
MenuName:Verdana
StyleBits:0
WritingScript:Roman
OutlineFileName:C:\Users\Juris\Desktop\SIA Airginity 11.11.2017\majas lapas\LV_majas lapa_gangasvara108_V2 Folder\Document fonts\verdana.ttf
DataFormat:sfntData
FileLength:191344
FileModTime:1400682271
WeightClass:400
WidthClass:5
AngleClass:0
%EndFont

%BeginFont
Handler:DirectoryHandler
FontType:TrueType
FontName:Verdana-Bold
FamilyName:Verdana
StyleName:Bold
FullName:Verdana Bold
MenuName:Verdana
StyleBits:2
WritingScript:Roman
OutlineFileName:C:\Users\Juris\Desktop\SIA Airginity 11.11.2017\majas lapas\LV_majas lapa_gangasvara108_V2 Folder\Document fonts\verdanab.ttf
DataFormat:sfntData
FileLength:155384
FileModTime:1290310013
WeightClass:700
WidthClass:5
AngleClass:0
%EndFont

